<?xml version="1.0" encoding="UTF-8"?>
<testsuite xmlns:xsi="http://www.w3.org/2001/XMLSchema-instance" xsi:noNamespaceSchemaLocation="https://maven.apache.org/surefire/maven-surefire-plugin/xsd/surefire-test-report.xsd" name="com.iu.b1.robot.MemberTest" time="0.568" tests="1" errors="1" skipped="0" failures="0">
  <properties>
[...]
</properties>
  <testcase name="test" classname="com.iu.b1.robot.MemberTest" time="0.567">
    <error message="&#10;### Error updating database.  Cause: java.sql.SQLIntegrityConstraintViolationException: Duplicate entry &apos;iu&apos; for key &apos;PRIMARY&apos;&#10;### The error may exist in file [C:\hjy\workspace\Boot_1\target\classes\mybatis\MemberMapper.xml]&#10;### The error may involve com.iu.b1.member.MemberMapper.memberJoin-Inline&#10;### The error occurred while setting parameters&#10;### SQL: insert into members values(?,?,?,?)&#10;### Cause: java.sql.SQLIntegrityConstraintViolationException: Duplicate entry &apos;iu&apos; for key &apos;PRIMARY&apos;&#10;; Duplicate entry &apos;iu&apos; for key &apos;PRIMARY&apos;; nested exception is java.sql.SQLIntegrityConstraintViolationException: Duplicate entry &apos;iu&apos; for key &apos;PRIMARY&apos;" type="org.springframework.dao.DuplicateKeyException">org.springframework.dao.DuplicateKeyException: 

### Error updating database.  Cause: java.sql.SQLIntegrityConstraintViolationException: Duplicate entry 'iu' for key 'PRIMARY'
### The error may exist in file [C:\hjy\workspace\Boot_1\target\classes\mybatis\MemberMapper.xml]
### The error may involve com.iu.b1.member.MemberMapper.memberJoin-Inline
### The error occurred while setting parameters
### SQL: insert into members values(?,?,?,?)
### Cause: java.sql.SQLIntegrityConstraintViolationException: Duplicate entry 'iu' for key 'PRIMARY'
; Duplicate entry 'iu' for key 'PRIMARY'; nested exception is java.sql.SQLIntegrityConstraintViolationException: Duplicate entry 'iu' for key 'PRIMARY'
	at com.iu.b1.robot.MemberTest.test(MemberTest.java:23)
Caused by: java.sql.SQLIntegrityConstraintViolationException: Duplicate entry 'iu' for key 'PRIMARY'
	at com.iu.b1.robot.MemberTest.test(MemberTest.java:23)
</error>
    <system-out><![CDATA[2019-12-27 17:21:23.164  INFO 8348 --- [           main] .b.t.c.SpringBootTestContextBootstrapper : Neither @ContextConfiguration nor @ContextHierarchy found for test class [com.iu.b1.robot.MemberTest], using SpringBootContextLoader
2019-12-27 17:21:23.165  INFO 8348 --- [           main] o.s.t.c.support.AbstractContextLoader    : Could not detect default resource locations for test class [com.iu.b1.robot.MemberTest]: no resource found for suffixes {-context.xml, Context.groovy}.
2019-12-27 17:21:23.165  INFO 8348 --- [           main] t.c.s.AnnotationConfigContextLoaderUtils : Could not detect default configuration classes for test class [com.iu.b1.robot.MemberTest]: MemberTest does not declare any static, non-private, non-final, nested classes annotated with @Configuration.
2019-12-27 17:21:23.166  INFO 8348 --- [           main] .b.t.c.SpringBootTestContextBootstrapper : Found @SpringBootConfiguration com.iu.b1.Boot1Application for test class com.iu.b1.robot.MemberTest
2019-12-27 17:21:23.167  INFO 8348 --- [           main] .b.t.c.SpringBootTestContextBootstrapper : Loaded default TestExecutionListener class names from location [META-INF/spring.factories]: [org.springframework.boot.test.mock.mockito.MockitoTestExecutionListener, org.springframework.boot.test.mock.mockito.ResetMocksTestExecutionListener, org.springframework.boot.test.autoconfigure.restdocs.RestDocsTestExecutionListener, org.springframework.boot.test.autoconfigure.web.client.MockRestServiceServerResetTestExecutionListener, org.springframework.boot.test.autoconfigure.web.servlet.MockMvcPrintOnlyOnFailureTestExecutionListener, org.springframework.boot.test.autoconfigure.web.servlet.WebDriverTestExecutionListener, org.springframework.test.context.web.ServletTestExecutionListener, org.springframework.test.context.support.DirtiesContextBeforeModesTestExecutionListener, org.springframework.test.context.support.DependencyInjectionTestExecutionListener, org.springframework.test.context.support.DirtiesContextTestExecutionListener, org.springframework.test.context.transaction.TransactionalTestExecutionListener, org.springframework.test.context.jdbc.SqlScriptsTestExecutionListener, org.springframework.test.context.event.EventPublishingTestExecutionListener]
2019-12-27 17:21:23.167  INFO 8348 --- [           main] .b.t.c.SpringBootTestContextBootstrapper : Using TestExecutionListeners: [org.springframework.test.context.web.ServletTestExecutionListener@76ad6715, org.springframework.test.context.support.DirtiesContextBeforeModesTestExecutionListener@56637cff, org.springframework.boot.test.mock.mockito.MockitoTestExecutionListener@2938127d, org.springframework.boot.test.autoconfigure.SpringBootDependencyInjectionTestExecutionListener@127a7272, org.springframework.test.context.support.DirtiesContextTestExecutionListener@ff23ae7, org.springframework.test.context.transaction.TransactionalTestExecutionListener@423b2b62, org.springframework.test.context.jdbc.SqlScriptsTestExecutionListener@2b7962a2, org.springframework.test.context.event.EventPublishingTestExecutionListener@6ad16c5d, org.springframework.boot.test.mock.mockito.ResetMocksTestExecutionListener@74ea46e2, org.springframework.boot.test.autoconfigure.restdocs.RestDocsTestExecutionListener@6f911326, org.springframework.boot.test.autoconfigure.web.client.MockRestServiceServerResetTestExecutionListener@f1d0004, org.springframework.boot.test.autoconfigure.web.servlet.MockMvcPrintOnlyOnFailureTestExecutionListener@6e4f263e, org.springframework.boot.test.autoconfigure.web.servlet.WebDriverTestExecutionListener@48b4a043]
2019-12-27 17:21:23.185  INFO 8348 --- [           main] com.zaxxer.hikari.HikariDataSource       : HikariPool-1 - Starting...
2019-12-27 17:21:23.673  INFO 8348 --- [           main] com.zaxxer.hikari.HikariDataSource       : HikariPool-1 - Start completed.
]]></system-out>
  </testcase>
</testsuite>